<?xml version="1.0" encoding="UTF-8"?>
<!-- Generated by org.testng.reporters.JUnitXMLReporter -->
<testsuite ignored="4" hostname="AppajiPC" failures="0" tests="4" name="Test Booking @ NODiscount" time="0.055" errors="0" timestamp="2021-11-07T21:01:34 IST">
  <testcase classname="hotelbooking.BookHotel" name="selectHotel" time="0.004"/>
  <testcase classname="hotelbooking.BookHotel" name="bookingComplete" time="0.001"/>
  <testcase classname="hotelbooking.PaymentMethods" name="payCash" time="0.001"/>
  <testcase classname="hotelbooking.Communications" name="communicateOffers" time="0.001"/>
  <testcase classname="hotelbooking.PaymentMethods" name="payonline" time="0.0">
    <ignored/>
  </testcase> <!-- payonline -->
  <testcase classname="hotelbooking.BookHotel" name="searchHotel" time="0.0">
    <ignored/>
  </testcase> <!-- searchHotel -->
  <testcase classname="hotelbooking.PaymentMethods" name="applyDiscount" time="0.0">
    <ignored/>
  </testcase> <!-- applyDiscount -->
  <testcase classname="hotelbooking.Communications" name="emailBill" time="0.0">
    <ignored/>
  </testcase> <!-- emailBill -->
</testsuite> <!-- Test Booking @ NODiscount -->
