<?xml version="1.0" encoding="UTF-8"?>
<!-- Generated by org.testng.reporters.JUnitXMLReporter -->
<testsuite ignored="2" hostname="AppajiPC" failures="0" tests="1" name="Test Booking" time="0.069" errors="0" timestamp="2021-11-06T12:22:32 IST">
  <testcase classname="hotelbooking.BookHotel" name="searchHotel" time="0.011"/>
  <testcase classname="hotelbooking.BookHotel" name="bookingComplete" time="0.0">
    <ignored/>
  </testcase> <!-- bookingComplete -->
  <testcase classname="hotelbooking.BookHotel" name="selectHotel" time="0.0">
    <ignored/>
  </testcase> <!-- selectHotel -->
</testsuite> <!-- Test Booking -->
