<?xml version="1.0" encoding="UTF-8"?>
<!-- Generated by org.testng.reporters.JUnitXMLReporter -->
<testsuite ignored="0" hostname="AppajiPC" failures="0" tests="3" name="Test Payment" time="0.012" errors="0" timestamp="2021-11-06T12:22:32 IST">
  <testcase classname="hotelbooking.PaymentMethods" name="applyDiscount" time="0.002"/>
  <testcase classname="hotelbooking.PaymentMethods" name="payCash" time="0.002"/>
  <testcase classname="hotelbooking.PaymentMethods" name="payonline" time="0.001"/>
</testsuite> <!-- Test Payment -->
