<?xml version="1.0" encoding="UTF-8"?>
<!-- Generated by org.testng.reporters.JUnitXMLReporter -->
<testsuite ignored="0" hostname="AppajiPC" failures="0" tests="6" name="Test Booking @ NODiscount" time="0.054" errors="0" timestamp="2021-11-06T13:48:22 IST">
  <testcase classname="hotelbooking.BookHotel" name="bookingComplete" time="0.0"/>
  <testcase classname="hotelbooking.BookHotel" name="searchHotel" time="0.001"/>
  <testcase classname="hotelbooking.BookHotel" name="selectHotel" time="0.0"/>
  <testcase classname="hotelbooking.PaymentMethods" name="applyDiscount" time="0.0"/>
  <testcase classname="hotelbooking.PaymentMethods" name="payCash" time="0.001"/>
  <testcase classname="hotelbooking.PaymentMethods" name="payonline" time="0.0"/>
</testsuite> <!-- Test Booking @ NODiscount -->
