<?xml version="1.0" encoding="UTF-8"?>
<!-- Generated by org.testng.reporters.JUnitXMLReporter -->
<testsuite ignored="1" hostname="AppajiPC" failures="0" tests="7" name="Test Booking @ Apply Discount" time="0.016" errors="0" timestamp="2021-11-06T13:26:46 IST">
  <testcase classname="hotelbooking.BookHotel" name="searchHotel" time="0.001"/>
  <testcase classname="hotelbooking.BookHotel" name="selectHotel" time="0.001"/>
  <testcase classname="hotelbooking.BookHotel" name="bookingComplete" time="0.0"/>
  <testcase classname="hotelbooking.PaymentMethods" name="payonline" time="0.001"/>
  <testcase classname="hotelbooking.PaymentMethods" name="applyDiscount" time="0.001"/>
  <testcase classname="hotelbooking.Communications" name="emailBill" time="0.001"/>
  <testcase classname="hotelbooking.Communications" name="communicateOffers" time="0.001"/>
  <testcase classname="hotelbooking.PaymentMethods" name="payCash" time="0.0">
    <ignored/>
  </testcase> <!-- payCash -->
</testsuite> <!-- Test Booking @ Apply Discount -->
