<?xml version="1.0" encoding="UTF-8"?>
<!-- Generated by org.testng.reporters.JUnitXMLReporter -->
<testsuite ignored="0" hostname="AppajiPC" failures="0" tests="3" name="Default test" time="0.057" errors="0" timestamp="2021-11-05T23:17:49 IST">
  <testcase classname="hotelbooking.BookHotel" name="bookingComplete" time="0.01"/>
  <testcase classname="hotelbooking.BookHotel" name="searchHotel" time="0.002"/>
  <testcase classname="hotelbooking.BookHotel" name="selectHotel" time="0.001"/>
</testsuite> <!-- Default test -->
