<?xml version="1.0" encoding="UTF-8"?>
<!-- Generated by org.testng.reporters.JUnitXMLReporter -->
<testsuite ignored="0" hostname="AppajiPC" failures="1" tests="4" name="Test" time="17.982" errors="0" timestamp="2021-11-07T22:10:35 IST">
  <testcase classname="testcases.rediff.Session" name="doLogin" time="17.913"/>
  <testcase classname="testcases.rediff.Session" name="doLogout" time="0.003"/>
  <testcase classname="testcases.rediff.PortfolioManagement" name="createPortfolio" time="0.002">
    <failure type="java.lang.NullPointerException">
      <![CDATA[java.lang.NullPointerException
at testcases.rediff.PortfolioManagement.createPortfolio(PortfolioManagement.java:12)
at java.base/java.util.ArrayList.forEach(ArrayList.java:1507)
... Removed 27 stack frames]]>
    </failure>
  </testcase> <!-- createPortfolio -->
  <testcase classname="testcases.rediff.PortfolioManagement" name="deletePortfolio" time="0.002"/>
</testsuite> <!-- Test -->
