<?xml version="1.0" encoding="UTF-8"?>
<testng-results ignored="4" total="6" passed="2" failed="0" skipped="0">
  <reporter-output>
  </reporter-output>
  <suite started-at="2021-11-08T20:05:13 IST" name="LoginCreateSuite" finished-at="2021-11-08T20:05:30 IST" duration-ms="17102">
    <groups>
    </groups>
    <test started-at="2021-11-08T20:05:13 IST" name="Login Test" finished-at="2021-11-08T20:05:30 IST" duration-ms="17102">
      <class name="testcases.rediff.Session">
        <test-method is-config="true" signature="beforeTest(org.testng.ITestContext)[pri:0, instance:testcases.rediff.Session@618b19ad]" started-at="2021-11-08T20:05:13 IST" name="beforeTest" finished-at="2021-11-08T20:05:14 IST" duration-ms="449" status="PASS">
          <params>
            <param index="0">
              <value>
                <![CDATA[org.testng.TestRunner@13c8ac77]]>
              </value>
            </param>
          </params>
          <reporter-output>
          </reporter-output>
        </test-method> <!-- beforeTest -->
        <test-method is-config="true" signature="beforeMethod(org.testng.ITestContext)[pri:0, instance:testcases.rediff.Session@618b19ad]" started-at="2021-11-08T20:05:14 IST" name="beforeMethod" finished-at="2021-11-08T20:05:14 IST" duration-ms="0" status="PASS">
          <params>
            <param index="0">
              <value>
                <![CDATA[org.testng.TestRunner@13c8ac77]]>
              </value>
            </param>
          </params>
          <reporter-output>
          </reporter-output>
        </test-method> <!-- beforeMethod -->
        <test-method signature="doLogin()[pri:0, instance:testcases.rediff.Session@618b19ad]" started-at="2021-11-08T20:05:14 IST" name="doLogin" finished-at="2021-11-08T20:05:27 IST" duration-ms="13641" status="PASS">
          <reporter-output>
          </reporter-output>
        </test-method> <!-- doLogin -->
        <test-method is-config="true" signature="afterMethod()[pri:0, instance:testcases.rediff.Session@618b19ad]" started-at="2021-11-08T20:05:27 IST" name="afterMethod" finished-at="2021-11-08T20:05:27 IST" duration-ms="0" status="PASS">
          <reporter-output>
          </reporter-output>
        </test-method> <!-- afterMethod -->
        <test-method is-config="true" signature="quit()[pri:0, instance:testcases.rediff.Session@618b19ad]" started-at="2021-11-08T20:05:30 IST" name="quit" finished-at="2021-11-08T20:05:30 IST" duration-ms="594" status="PASS">
          <reporter-output>
          </reporter-output>
        </test-method> <!-- quit -->
      </class> <!-- testcases.rediff.Session -->
      <class name="testcases.rediff.PortfolioManagement">
        <test-method is-config="true" signature="beforeMethod(org.testng.ITestContext)[pri:0, instance:testcases.rediff.PortfolioManagement@2b71e916]" started-at="2021-11-08T20:05:27 IST" name="beforeMethod" finished-at="2021-11-08T20:05:27 IST" duration-ms="1" status="PASS">
          <params>
            <param index="0">
              <value>
                <![CDATA[org.testng.TestRunner@13c8ac77]]>
              </value>
            </param>
          </params>
          <reporter-output>
          </reporter-output>
        </test-method> <!-- beforeMethod -->
        <test-method signature="createPortfolio()[pri:0, instance:testcases.rediff.PortfolioManagement@2b71e916]" started-at="2021-11-08T20:05:27 IST" name="createPortfolio" finished-at="2021-11-08T20:05:30 IST" duration-ms="2371" status="PASS">
          <reporter-output>
          </reporter-output>
        </test-method> <!-- createPortfolio -->
        <test-method is-config="true" signature="afterMethod()[pri:0, instance:testcases.rediff.PortfolioManagement@2b71e916]" started-at="2021-11-08T20:05:30 IST" name="afterMethod" finished-at="2021-11-08T20:05:30 IST" duration-ms="1" status="PASS">
          <reporter-output>
          </reporter-output>
        </test-method> <!-- afterMethod -->
      </class> <!-- testcases.rediff.PortfolioManagement -->
    </test> <!-- Login Test -->
  </suite> <!-- LoginCreateSuite -->
</testng-results>
