<?xml version="1.0" encoding="UTF-8"?>
<!-- Generated by org.testng.reporters.JUnitXMLReporter -->
<testsuite ignored="2" hostname="AppajiPC" failures="1" tests="2" name="LoginTest" time="28.683" errors="0" timestamp="2021-11-07T19:48:18 IST">
  <testcase classname="testcases.rediff.Session" name="doLogin" time="28.629"/>
  <testcase classname="testcases.rediff.PortfolioManagement" name="createPortfolio" time="0.002">
    <failure type="java.lang.NullPointerException">
      <![CDATA[java.lang.NullPointerException
at com.selenium.ddf.keywords.GenericKeywords.click(GenericKeywords.java:100)
at testcases.rediff.PortfolioManagement.createPortfolio(PortfolioManagement.java:13)
at java.base/java.util.ArrayList.forEach(ArrayList.java:1507)
... Removed 27 stack frames]]>
    </failure>
  </testcase> <!-- createPortfolio -->
  <testcase classname="testcases.rediff.PortfolioManagement" name="deletePortfolio" time="0.0">
    <ignored/>
  </testcase> <!-- deletePortfolio -->
  <testcase classname="testcases.rediff.Session" name="doLogout" time="0.0">
    <ignored/>
  </testcase> <!-- doLogout -->
</testsuite> <!-- LoginTest -->
