<?xml version="1.0" encoding="UTF-8"?>
<!-- Generated by org.testng.reporters.JUnitXMLReporter -->
<testsuite ignored="1" hostname="AppajiPC" failures="1" tests="1" name="Create Test" time="0.005" errors="0" timestamp="2021-11-07T21:58:21 IST">
  <testcase classname="testcases.rediff.PortfolioManagement" name="createPortfolio" time="0.001">
    <failure type="java.lang.NullPointerException">
      <![CDATA[java.lang.NullPointerException
at com.selenium.ddf.keywords.GenericKeywords.click(GenericKeywords.java:100)
at testcases.rediff.PortfolioManagement.createPortfolio(PortfolioManagement.java:12)
at java.base/java.util.ArrayList.forEach(ArrayList.java:1507)
... Removed 27 stack frames]]>
    </failure>
  </testcase> <!-- createPortfolio -->
  <testcase classname="testcases.rediff.PortfolioManagement" name="deletePortfolio" time="0.0">
    <ignored/>
  </testcase> <!-- deletePortfolio -->
</testsuite> <!-- Create Test -->
