<?xml version="1.0" encoding="UTF-8"?>
<!-- Generated by org.testng.reporters.JUnitXMLReporter -->
<testsuite ignored="1" hostname="AppajiPC" failures="0" tests="1" name="Delete Portfolio Test" time="15.601" errors="0" timestamp="2021-11-12T22:42:09 IST">
  <testcase classname="testcases.rediff.PortfolioManagement" name="deletePortfolio" time="15.546"/>
  <testcase classname="testcases.rediff.PortfolioManagement" name="createPortfolio" time="0.0">
    <ignored/>
  </testcase> <!-- createPortfolio -->
</testsuite> <!-- Delete Portfolio Test -->
